<?xml version="1.0" encoding="UTF-8"?>
<!-- Generated by org.testng.reporters.JUnitXMLReporter -->
<testsuite hostname="DESKTOP-QH7MF66" name="Test" tests="2" failures="1" timestamp="13 May 2020 18:11:08 GMT" time="33.722" errors="0">
  <testcase name="runCukes" time="32.712" classname="com.xde.XRefresh.runners.LoginFeatureRunner"/>
  <testcase name="runCukes" time="33.59" classname="com.xde.XRefresh.runners.AppLaunchRunner">
    <failure type="cucumber.runtime.CucumberException" message="java.lang.NullPointerException">
      <![CDATA[cucumber.runtime.CucumberException: java.lang.NullPointerException
	at cucumber.api.testng.TestNGCucumberRunner.runCukes(TestNGCucumberRunner.java:57)
	at com.xde.XRefresh.runners.AppLaunchRunner.runCukes(AppLaunchRunner.java:20)
	at java.util.concurrent.ThreadPoolExecutor.runWorker(ThreadPoolExecutor.java:1142)
	at java.util.concurrent.ThreadPoolExecutor$Worker.run(ThreadPoolExecutor.java:617)
	at java.lang.Thread.run(Thread.java:745)
Caused by: java.lang.NullPointerException
	at com.xde.XRefresh.PageObjects.BasePage.type(BasePage.java:60)
	at com.xde.XRefresh.PageObjects.OfficeLoginPage.userNameFunction(OfficeLoginPage.java:57)
	at com.xde.XRefresh.steps.CommonStepDefs.user_provides_UserName_and_clicks_on_Next_Button(CommonStepDefs.java:86)
	at ✽.And user provides UserName and clicks on Next Button(src/test/resources/features/appLaunch.feature:7)
... Removed 10 stack frames]]>
    </failure>
  </testcase> <!-- runCukes -->
</testsuite> <!-- Test -->
