<?xml version="1.0" encoding="UTF-8"?>
<testng-results skipped="0" failed="1" total="2" passed="1">
  <reporter-output>
  </reporter-output>
  <suite name="Suite" duration-ms="33722" started-at="2020-05-13T18:10:34Z" finished-at="2020-05-13T18:11:08Z">
    <groups>
    </groups>
    <test name="Test" duration-ms="33722" started-at="2020-05-13T18:10:34Z" finished-at="2020-05-13T18:11:08Z">
      <class name="com.xde.XRefresh.runners.LoginFeatureRunner">
        <test-method status="PASS" signature="runCukes()[pri:0, instance:com.xde.XRefresh.runners.LoginFeatureRunner@c3fd8b]" name="runCukes" duration-ms="32712" started-at="2020-05-13T23:40:34Z" finished-at="2020-05-13T23:41:07Z">
          <reporter-output>
          </reporter-output>
        </test-method> <!-- runCukes -->
      </class> <!-- com.xde.XRefresh.runners.LoginFeatureRunner -->
      <class name="com.xde.XRefresh.runners.AppLaunchRunner">
        <test-method status="FAIL" signature="runCukes()[pri:0, instance:com.xde.XRefresh.runners.AppLaunchRunner@16eb2ec]" name="runCukes" duration-ms="33590" started-at="2020-05-13T23:40:34Z" finished-at="2020-05-13T23:41:08Z">
          <exception class="cucumber.runtime.CucumberException">
            <message>
              <![CDATA[java.lang.NullPointerException]]>
            </message>
            <full-stacktrace>
              <![CDATA[cucumber.runtime.CucumberException: java.lang.NullPointerException
	at cucumber.api.testng.TestNGCucumberRunner.runCukes(TestNGCucumberRunner.java:57)
	at com.xde.XRefresh.runners.AppLaunchRunner.runCukes(AppLaunchRunner.java:20)
	at sun.reflect.NativeMethodAccessorImpl.invoke0(Native Method)
	at sun.reflect.NativeMethodAccessorImpl.invoke(NativeMethodAccessorImpl.java:62)
	at sun.reflect.DelegatingMethodAccessorImpl.invoke(DelegatingMethodAccessorImpl.java:43)
	at java.lang.reflect.Method.invoke(Method.java:497)
	at org.testng.internal.MethodInvocationHelper.invokeMethod(MethodInvocationHelper.java:86)
	at org.testng.internal.Invoker.invokeMethod(Invoker.java:643)
	at org.testng.internal.Invoker.invokeTestMethod(Invoker.java:820)
	at org.testng.internal.Invoker.invokeTestMethods(Invoker.java:1128)
	at org.testng.internal.TestMethodWorker.invokeTestMethods(TestMethodWorker.java:129)
	at org.testng.internal.TestMethodWorker.run(TestMethodWorker.java:112)
	at java.util.concurrent.ThreadPoolExecutor.runWorker(ThreadPoolExecutor.java:1142)
	at java.util.concurrent.ThreadPoolExecutor$Worker.run(ThreadPoolExecutor.java:617)
	at java.lang.Thread.run(Thread.java:745)
Caused by: java.lang.NullPointerException
	at com.xde.XRefresh.PageObjects.BasePage.type(BasePage.java:60)
	at com.xde.XRefresh.PageObjects.OfficeLoginPage.userNameFunction(OfficeLoginPage.java:57)
	at com.xde.XRefresh.steps.CommonStepDefs.user_provides_UserName_and_clicks_on_Next_Button(CommonStepDefs.java:86)
	at ✽.And user provides UserName and clicks on Next Button(src/test/resources/features/appLaunch.feature:7)
]]>
            </full-stacktrace>
          </exception> <!-- cucumber.runtime.CucumberException -->
          <reporter-output>
          </reporter-output>
        </test-method> <!-- runCukes -->
      </class> <!-- com.xde.XRefresh.runners.AppLaunchRunner -->
    </test> <!-- Test -->
  </suite> <!-- Suite -->
</testng-results>
