<?xml version="1.0" encoding="UTF-8"?>
<testsuite name="TestSuite" time="66.522" tests="2" errors="0" skipped="0" failures="1">
  <properties>
[...]
</properties>
  <testcase name="runCukes" classname="com.xde.XRefresh.runners.LoginFeatureRunner" time="32.715"/>
  <testcase name="runCukes" classname="com.xde.XRefresh.runners.AppLaunchRunner" time="33.807">
    <failure message="java.lang.NullPointerException" type="cucumber.runtime.CucumberException">cucumber.runtime.CucumberException: java.lang.NullPointerException
	at cucumber.api.testng.TestNGCucumberRunner.runCukes(TestNGCucumberRunner.java:57)
	at com.xde.XRefresh.runners.AppLaunchRunner.runCukes(AppLaunchRunner.java:20)
Caused by: java.lang.NullPointerException: null
	at com.xde.XRefresh.PageObjects.BasePage.type(BasePage.java:60)
	at com.xde.XRefresh.PageObjects.OfficeLoginPage.userNameFunction(OfficeLoginPage.java:57)
	at com.xde.XRefresh.steps.CommonStepDefs.user_provides_UserName_and_clicks_on_Next_Button(CommonStepDefs.java:86)
	at ✽.And user provides UserName and clicks on Next Button(src/test/resources/features/appLaunch.feature:7)
</failure>
    <system-out><![CDATA[INFO    2020-05-13 23:41:08,157 [pool-1-thread-2] com.xde.XRefresh.steps.BaseSteps  - Test Execution Completed !!!

&amp#27;[31mFailed scenarios:&amp#27;[0m
&amp#27;[31msrc/test/resources/features/appLaunch.feature:3 &amp#27;[0m# Scenario: Navigate to Office.com in Chrome and perform login Instance2

1 Scenarios (&amp#27;[31m1 failed&amp#27;[0m)
4 Steps (&amp#27;[31m1 failed&amp#27;[0m, &amp#27;[32m3 passed&amp#27;[0m)
0m32.970s

java.lang.NullPointerException
	at com.xde.XRefresh.PageObjects.BasePage.type(BasePage.java:60)
	at com.xde.XRefresh.PageObjects.OfficeLoginPage.userNameFunction(OfficeLoginPage.java:57)
	at com.xde.XRefresh.steps.CommonStepDefs.user_provides_UserName_and_clicks_on_Next_Button(CommonStepDefs.java:86)
	at ?.And user provides UserName and clicks on Next Button(src/test/resources/features/appLaunch.feature:7)

]]></system-out>
  </testcase>
</testsuite>