<?xml version="1.0" encoding="UTF-8"?>
<!-- Generated by org.testng.reporters.JUnitReportReporter -->
<testsuite hostname="DESKTOP-QH7MF66" name="com.xde.XRefresh.runners.AppLaunchRunner" tests="1" failures="0" timestamp="13 May 2020 18:11:08 GMT" time="33.590" errors="1">
  <testcase name="runCukes" time="33.590" classname="com.xde.XRefresh.runners.AppLaunchRunner">
    <error type="cucumber.runtime.CucumberException" message="java.lang.NullPointerException">
      <![CDATA[cucumber.runtime.CucumberException: java.lang.NullPointerException
	at cucumber.api.testng.TestNGCucumberRunner.runCukes(TestNGCucumberRunner.java:57)
	at com.xde.XRefresh.runners.AppLaunchRunner.runCukes(AppLaunchRunner.java:20)
	at sun.reflect.NativeMethodAccessorImpl.invoke0(Native Method)
	at sun.reflect.NativeMethodAccessorImpl.invoke(NativeMethodAccessorImpl.java:62)
	at sun.reflect.DelegatingMethodAccessorImpl.invoke(DelegatingMethodAccessorImpl.java:43)
	at java.lang.reflect.Method.invoke(Method.java:497)
	at org.testng.internal.MethodInvocationHelper.invokeMethod(MethodInvocationHelper.java:86)
	at org.testng.internal.Invoker.invokeMethod(Invoker.java:643)
	at org.testng.internal.Invoker.invokeTestMethod(Invoker.java:820)
	at org.testng.internal.Invoker.invokeTestMethods(Invoker.java:1128)
	at org.testng.internal.TestMethodWorker.invokeTestMethods(TestMethodWorker.java:129)
	at org.testng.internal.TestMethodWorker.run(TestMethodWorker.java:112)
	at java.util.concurrent.ThreadPoolExecutor.runWorker(ThreadPoolExecutor.java:1142)
	at java.util.concurrent.ThreadPoolExecutor$Worker.run(ThreadPoolExecutor.java:617)
	at java.lang.Thread.run(Thread.java:745)
Caused by: java.lang.NullPointerException
	at com.xde.XRefresh.PageObjects.BasePage.type(BasePage.java:60)
	at com.xde.XRefresh.PageObjects.OfficeLoginPage.userNameFunction(OfficeLoginPage.java:57)
	at com.xde.XRefresh.steps.CommonStepDefs.user_provides_UserName_and_clicks_on_Next_Button(CommonStepDefs.java:86)
	at ✽.And user provides UserName and clicks on Next Button(src/test/resources/features/appLaunch.feature:7)
]]>
    </error>
  </testcase> <!-- runCukes -->
</testsuite> <!-- com.xde.XRefresh.runners.AppLaunchRunner -->
